2025-11-05 09:45:40,549:WARNING:
'cuml' is a soft dependency and not included in the pycaret installation. Please run: `pip install cuml` to install.
2025-11-05 09:45:40,549:WARNING:
'cuml' is a soft dependency and not included in the pycaret installation. Please run: `pip install cuml` to install.
2025-11-05 09:45:40,549:WARNING:
'cuml' is a soft dependency and not included in the pycaret installation. Please run: `pip install cuml` to install.
2025-11-05 09:45:40,549:WARNING:
'cuml' is a soft dependency and not included in the pycaret installation. Please run: `pip install cuml` to install.
2025-11-05 09:45:44,188:INFO:Initializing load_model()
2025-11-05 09:45:44,188:INFO:load_model(model_name=welcome_survey_clustering_pipeline_v1, platform=None, authentication=None, verbose=True)
2025-11-05 09:45:44,618:WARNING:/opt/miniconda3/envs/od_zera_do_ai_v2/lib/python3.11/site-packages/pycaret/internal/pipeline.py:148: UserWarning: Version mismatch:
current: {'deps_info': {'pip': '24.0', 'setuptools': '80.9.0', 'pycaret': '3.3.2', 'IPython': '8.25.0', 'ipywidgets': '8.1.7', 'tqdm': '4.67.1', 'numpy': '1.26.4', 'pandas': '1.5.3', 'jinja2': '3.1.6', 'scipy': '1.11.4', 'joblib': '1.3.2', 'sklearn': '1.4.2', 'pyod': '2.0.5', 'imblearn': '0.14.0', 'category_encoders': '2.7.0', 'lightgbm': '4.6.0', 'numba': '0.58.1', 'requests': '2.32.3', 'matplotlib': '3.7.5', 'scikitplot': '0.3.7', 'yellowbrick': '1.5', 'plotly': '5.22.0', 'plotly-resampler': 'Not installed', 'kaleido': '1.2.0', 'schemdraw': '0.15', 'statsmodels': '0.14.5', 'sktime': '0.26.0', 'tbats': '1.1.3', 'pmdarima': '2.0.4', 'psutil': '7.0.0', 'markupsafe': '3.0.2', 'pickle5': 'Not installed', 'cloudpickle': '3.1.2', 'deprecation': '2.1.0', 'xxhash': '3.6.0', 'wurlitzer': '3.1.1'}, 'python': {'version': '3.11.9', 'machine': 'arm64'}}
pickle: {'deps_info': {'pip': '24.0', 'setuptools': '70.3.0', 'pycaret': '3.3.1', 'IPython': '8.26.0', 'ipywidgets': '8.1.3', 'tqdm': '4.66.5', 'numpy': '1.26.4', 'pandas': '1.5.3', 'jinja2': '3.1.4', 'scipy': '1.11.4', 'joblib': '1.3.2', 'sklearn': '1.4.2', 'pyod': '2.0.1', 'imblearn': '0.12.3', 'category_encoders': '2.6.3', 'lightgbm': '4.5.0', 'numba': '0.60.0', 'requests': '2.32.3', 'matplotlib': '3.8.4', 'scikitplot': '0.3.7', 'yellowbrick': '1.5', 'plotly': '5.23.0', 'plotly-resampler': 'Not installed', 'kaleido': '0.2.1', 'schemdraw': '0.15', 'statsmodels': '0.14.2', 'sktime': '0.26.0', 'tbats': '1.1.3', 'pmdarima': '2.0.4', 'psutil': '6.0.0', 'markupsafe': '2.1.5', 'pickle5': 'Not installed', 'cloudpickle': '3.0.0', 'deprecation': '2.1.0', 'xxhash': '3.4.1', 'wurlitzer': '3.1.1'}, 'python': {'version': '3.11.9', 'machine': 'arm64'}}
  warnings.warn(

2025-11-05 09:45:44,646:INFO:Initializing predict_model()
2025-11-05 09:45:44,646:INFO:predict_model(self=<pycaret.clustering.oop.ClusteringExperiment object at 0x310bf5cd0>, estimator=Pipeline(memory=Memory(location=None),
         steps=[('numerical_imputer',
                 TransformerWrapper(include=[], transformer=SimpleImputer())),
                ('categorical_imputer',
                 TransformerWrapper(include=['age', 'edu_level', 'fav_animals',
                                             'fav_place', 'gender'],
                                    transformer=SimpleImputer(strategy='most_frequent'))),
                ('ordinal_encoding',
                 TransformerWrapper(include=['gender'],
                                    transfo...
                                                               mapping=[{'col': 'gender',
                                                                         'data_type': dtype('O'),
                                                                         'mapping': Kobieta      0
Mężczyzna    1
NaN         -1
dtype: int64}]))),
                ('onehot_encoding',
                 TransformerWrapper(include=['age', 'edu_level', 'fav_animals',
                                             'fav_place'],
                                    transformer=OneHotEncoder(cols=['age',
                                                                    'edu_level',
                                                                    'fav_animals',
                                                                    'fav_place'],
                                                              handle_missing='return_nan',
                                                              use_cat_names=True))),
                ('trained_model', KMeans(random_state=123))]), ml_usecase=None)
2025-11-05 09:45:44,646:INFO:Set up data.
2025-11-05 09:45:44,697:INFO:Initializing predict_model()
2025-11-05 09:45:44,697:INFO:predict_model(self=<pycaret.clustering.oop.ClusteringExperiment object at 0x30d2a3690>, estimator=Pipeline(memory=Memory(location=None),
         steps=[('numerical_imputer',
                 TransformerWrapper(include=[], transformer=SimpleImputer())),
                ('categorical_imputer',
                 TransformerWrapper(include=['age', 'edu_level', 'fav_animals',
                                             'fav_place', 'gender'],
                                    transformer=SimpleImputer(strategy='most_frequent'))),
                ('ordinal_encoding',
                 TransformerWrapper(include=['gender'],
                                    transfo...
                                                               mapping=[{'col': 'gender',
                                                                         'data_type': dtype('O'),
                                                                         'mapping': Kobieta      0
Mężczyzna    1
NaN         -1
dtype: int64}]))),
                ('onehot_encoding',
                 TransformerWrapper(include=['age', 'edu_level', 'fav_animals',
                                             'fav_place'],
                                    transformer=OneHotEncoder(cols=['age',
                                                                    'edu_level',
                                                                    'fav_animals',
                                                                    'fav_place'],
                                                              handle_missing='return_nan',
                                                              use_cat_names=True))),
                ('trained_model', KMeans(random_state=123))]), ml_usecase=None)
2025-11-05 09:45:44,698:INFO:Set up data.
2025-11-05 09:48:34,309:WARNING:
'cuml' is a soft dependency and not included in the pycaret installation. Please run: `pip install cuml` to install.
2025-11-05 09:48:34,309:WARNING:
'cuml' is a soft dependency and not included in the pycaret installation. Please run: `pip install cuml` to install.
2025-11-05 09:48:34,310:WARNING:
'cuml' is a soft dependency and not included in the pycaret installation. Please run: `pip install cuml` to install.
2025-11-05 09:48:34,310:WARNING:
'cuml' is a soft dependency and not included in the pycaret installation. Please run: `pip install cuml` to install.
2025-11-05 09:48:35,113:INFO:Initializing load_model()
2025-11-05 09:48:35,113:INFO:load_model(model_name=welcome_survey_clustering_pipeline_v1, platform=None, authentication=None, verbose=True)
2025-11-05 09:48:35,160:WARNING:/opt/miniconda3/envs/od_zera_do_ai_v2/lib/python3.11/site-packages/pycaret/internal/pipeline.py:148: UserWarning: Version mismatch:
current: {'deps_info': {'pip': '24.0', 'setuptools': '80.9.0', 'pycaret': '3.3.2', 'IPython': '8.25.0', 'ipywidgets': '8.1.7', 'tqdm': '4.67.1', 'numpy': '1.26.4', 'pandas': '1.5.3', 'jinja2': '3.1.6', 'scipy': '1.11.4', 'joblib': '1.3.2', 'sklearn': '1.4.2', 'pyod': '2.0.5', 'imblearn': '0.14.0', 'category_encoders': '2.7.0', 'lightgbm': '4.6.0', 'numba': '0.58.1', 'requests': '2.32.3', 'matplotlib': '3.7.5', 'scikitplot': '0.3.7', 'yellowbrick': '1.5', 'plotly': '5.22.0', 'plotly-resampler': 'Not installed', 'kaleido': '1.2.0', 'schemdraw': '0.15', 'statsmodels': '0.14.5', 'sktime': '0.26.0', 'tbats': '1.1.3', 'pmdarima': '2.0.4', 'psutil': '7.0.0', 'markupsafe': '3.0.2', 'pickle5': 'Not installed', 'cloudpickle': '3.1.2', 'deprecation': '2.1.0', 'xxhash': '3.6.0', 'wurlitzer': '3.1.1'}, 'python': {'version': '3.11.9', 'machine': 'arm64'}}
pickle: {'deps_info': {'pip': '24.0', 'setuptools': '70.3.0', 'pycaret': '3.3.1', 'IPython': '8.26.0', 'ipywidgets': '8.1.3', 'tqdm': '4.66.5', 'numpy': '1.26.4', 'pandas': '1.5.3', 'jinja2': '3.1.4', 'scipy': '1.11.4', 'joblib': '1.3.2', 'sklearn': '1.4.2', 'pyod': '2.0.1', 'imblearn': '0.12.3', 'category_encoders': '2.6.3', 'lightgbm': '4.5.0', 'numba': '0.60.0', 'requests': '2.32.3', 'matplotlib': '3.8.4', 'scikitplot': '0.3.7', 'yellowbrick': '1.5', 'plotly': '5.23.0', 'plotly-resampler': 'Not installed', 'kaleido': '0.2.1', 'schemdraw': '0.15', 'statsmodels': '0.14.2', 'sktime': '0.26.0', 'tbats': '1.1.3', 'pmdarima': '2.0.4', 'psutil': '6.0.0', 'markupsafe': '2.1.5', 'pickle5': 'Not installed', 'cloudpickle': '3.0.0', 'deprecation': '2.1.0', 'xxhash': '3.4.1', 'wurlitzer': '3.1.1'}, 'python': {'version': '3.11.9', 'machine': 'arm64'}}
  warnings.warn(

2025-11-05 09:48:35,181:INFO:Initializing predict_model()
2025-11-05 09:48:35,181:INFO:predict_model(self=<pycaret.clustering.oop.ClusteringExperiment object at 0x30c8e2210>, estimator=Pipeline(memory=Memory(location=None),
         steps=[('numerical_imputer',
                 TransformerWrapper(include=[], transformer=SimpleImputer())),
                ('categorical_imputer',
                 TransformerWrapper(include=['age', 'edu_level', 'fav_animals',
                                             'fav_place', 'gender'],
                                    transformer=SimpleImputer(strategy='most_frequent'))),
                ('ordinal_encoding',
                 TransformerWrapper(include=['gender'],
                                    transfo...
                                                               mapping=[{'col': 'gender',
                                                                         'data_type': dtype('O'),
                                                                         'mapping': Kobieta      0
Mężczyzna    1
NaN         -1
dtype: int64}]))),
                ('onehot_encoding',
                 TransformerWrapper(include=['age', 'edu_level', 'fav_animals',
                                             'fav_place'],
                                    transformer=OneHotEncoder(cols=['age',
                                                                    'edu_level',
                                                                    'fav_animals',
                                                                    'fav_place'],
                                                              handle_missing='return_nan',
                                                              use_cat_names=True))),
                ('trained_model', KMeans(random_state=123))]), ml_usecase=None)
2025-11-05 09:48:35,181:INFO:Set up data.
2025-11-05 09:48:35,219:INFO:Initializing predict_model()
2025-11-05 09:48:35,219:INFO:predict_model(self=<pycaret.clustering.oop.ClusteringExperiment object at 0x308323a50>, estimator=Pipeline(memory=Memory(location=None),
         steps=[('numerical_imputer',
                 TransformerWrapper(include=[], transformer=SimpleImputer())),
                ('categorical_imputer',
                 TransformerWrapper(include=['age', 'edu_level', 'fav_animals',
                                             'fav_place', 'gender'],
                                    transformer=SimpleImputer(strategy='most_frequent'))),
                ('ordinal_encoding',
                 TransformerWrapper(include=['gender'],
                                    transfo...
                                                               mapping=[{'col': 'gender',
                                                                         'data_type': dtype('O'),
                                                                         'mapping': Kobieta      0
Mężczyzna    1
NaN         -1
dtype: int64}]))),
                ('onehot_encoding',
                 TransformerWrapper(include=['age', 'edu_level', 'fav_animals',
                                             'fav_place'],
                                    transformer=OneHotEncoder(cols=['age',
                                                                    'edu_level',
                                                                    'fav_animals',
                                                                    'fav_place'],
                                                              handle_missing='return_nan',
                                                              use_cat_names=True))),
                ('trained_model', KMeans(random_state=123))]), ml_usecase=None)
2025-11-05 09:48:35,219:INFO:Set up data.
2025-11-05 09:48:43,226:INFO:Initializing predict_model()
2025-11-05 09:48:43,226:INFO:predict_model(self=<pycaret.clustering.oop.ClusteringExperiment object at 0x142229dd0>, estimator=Pipeline(memory=Memory(location=None),
         steps=[('numerical_imputer',
                 TransformerWrapper(include=[], transformer=SimpleImputer())),
                ('categorical_imputer',
                 TransformerWrapper(include=['age', 'edu_level', 'fav_animals',
                                             'fav_place', 'gender'],
                                    transformer=SimpleImputer(strategy='most_frequent'))),
                ('ordinal_encoding',
                 TransformerWrapper(include=['gender'],
                                    transfo...
                                                               mapping=[{'col': 'gender',
                                                                         'data_type': dtype('O'),
                                                                         'mapping': Kobieta      0
Mężczyzna    1
NaN         -1
dtype: int64}]))),
                ('onehot_encoding',
                 TransformerWrapper(include=['age', 'edu_level', 'fav_animals',
                                             'fav_place'],
                                    transformer=OneHotEncoder(cols=['age',
                                                                    'edu_level',
                                                                    'fav_animals',
                                                                    'fav_place'],
                                                              handle_missing='return_nan',
                                                              use_cat_names=True))),
                ('trained_model', KMeans(random_state=123))]), ml_usecase=None)
2025-11-05 09:48:43,226:INFO:Set up data.
2025-11-05 09:48:45,422:INFO:Initializing predict_model()
2025-11-05 09:48:45,423:INFO:predict_model(self=<pycaret.clustering.oop.ClusteringExperiment object at 0x30b70aa90>, estimator=Pipeline(memory=Memory(location=None),
         steps=[('numerical_imputer',
                 TransformerWrapper(include=[], transformer=SimpleImputer())),
                ('categorical_imputer',
                 TransformerWrapper(include=['age', 'edu_level', 'fav_animals',
                                             'fav_place', 'gender'],
                                    transformer=SimpleImputer(strategy='most_frequent'))),
                ('ordinal_encoding',
                 TransformerWrapper(include=['gender'],
                                    transfo...
                                                               mapping=[{'col': 'gender',
                                                                         'data_type': dtype('O'),
                                                                         'mapping': Kobieta      0
Mężczyzna    1
NaN         -1
dtype: int64}]))),
                ('onehot_encoding',
                 TransformerWrapper(include=['age', 'edu_level', 'fav_animals',
                                             'fav_place'],
                                    transformer=OneHotEncoder(cols=['age',
                                                                    'edu_level',
                                                                    'fav_animals',
                                                                    'fav_place'],
                                                              handle_missing='return_nan',
                                                              use_cat_names=True))),
                ('trained_model', KMeans(random_state=123))]), ml_usecase=None)
2025-11-05 09:48:45,423:INFO:Set up data.
2025-11-05 09:48:47,743:INFO:Initializing predict_model()
2025-11-05 09:48:47,743:INFO:predict_model(self=<pycaret.clustering.oop.ClusteringExperiment object at 0x30c04f610>, estimator=Pipeline(memory=Memory(location=None),
         steps=[('numerical_imputer',
                 TransformerWrapper(include=[], transformer=SimpleImputer())),
                ('categorical_imputer',
                 TransformerWrapper(include=['age', 'edu_level', 'fav_animals',
                                             'fav_place', 'gender'],
                                    transformer=SimpleImputer(strategy='most_frequent'))),
                ('ordinal_encoding',
                 TransformerWrapper(include=['gender'],
                                    transfo...
                                                               mapping=[{'col': 'gender',
                                                                         'data_type': dtype('O'),
                                                                         'mapping': Kobieta      0
Mężczyzna    1
NaN         -1
dtype: int64}]))),
                ('onehot_encoding',
                 TransformerWrapper(include=['age', 'edu_level', 'fav_animals',
                                             'fav_place'],
                                    transformer=OneHotEncoder(cols=['age',
                                                                    'edu_level',
                                                                    'fav_animals',
                                                                    'fav_place'],
                                                              handle_missing='return_nan',
                                                              use_cat_names=True))),
                ('trained_model', KMeans(random_state=123))]), ml_usecase=None)
2025-11-05 09:48:47,743:INFO:Set up data.
2025-11-05 09:48:51,080:INFO:Initializing predict_model()
2025-11-05 09:48:51,081:INFO:predict_model(self=<pycaret.clustering.oop.ClusteringExperiment object at 0x30c012510>, estimator=Pipeline(memory=Memory(location=None),
         steps=[('numerical_imputer',
                 TransformerWrapper(include=[], transformer=SimpleImputer())),
                ('categorical_imputer',
                 TransformerWrapper(include=['age', 'edu_level', 'fav_animals',
                                             'fav_place', 'gender'],
                                    transformer=SimpleImputer(strategy='most_frequent'))),
                ('ordinal_encoding',
                 TransformerWrapper(include=['gender'],
                                    transfo...
                                                               mapping=[{'col': 'gender',
                                                                         'data_type': dtype('O'),
                                                                         'mapping': Kobieta      0
Mężczyzna    1
NaN         -1
dtype: int64}]))),
                ('onehot_encoding',
                 TransformerWrapper(include=['age', 'edu_level', 'fav_animals',
                                             'fav_place'],
                                    transformer=OneHotEncoder(cols=['age',
                                                                    'edu_level',
                                                                    'fav_animals',
                                                                    'fav_place'],
                                                              handle_missing='return_nan',
                                                              use_cat_names=True))),
                ('trained_model', KMeans(random_state=123))]), ml_usecase=None)
2025-11-05 09:48:51,081:INFO:Set up data.
2025-11-05 10:12:14,315:WARNING:
'cuml' is a soft dependency and not included in the pycaret installation. Please run: `pip install cuml` to install.
2025-11-05 10:12:14,316:WARNING:
'cuml' is a soft dependency and not included in the pycaret installation. Please run: `pip install cuml` to install.
2025-11-05 10:12:14,316:WARNING:
'cuml' is a soft dependency and not included in the pycaret installation. Please run: `pip install cuml` to install.
2025-11-05 10:12:14,316:WARNING:
'cuml' is a soft dependency and not included in the pycaret installation. Please run: `pip install cuml` to install.
2025-11-05 10:12:15,121:INFO:Initializing load_model()
2025-11-05 10:12:15,121:INFO:load_model(model_name=welcome_survey_clustering_pipeline_v1, platform=None, authentication=None, verbose=True)
2025-11-05 10:12:15,175:WARNING:/opt/miniconda3/envs/od_zera_do_ai_v2/lib/python3.11/site-packages/pycaret/internal/pipeline.py:148: UserWarning: Version mismatch:
current: {'deps_info': {'pip': '24.0', 'setuptools': '80.9.0', 'pycaret': '3.3.2', 'IPython': '8.25.0', 'ipywidgets': '8.1.7', 'tqdm': '4.67.1', 'numpy': '1.26.4', 'pandas': '1.5.3', 'jinja2': '3.1.6', 'scipy': '1.11.4', 'joblib': '1.3.2', 'sklearn': '1.4.2', 'pyod': '2.0.5', 'imblearn': '0.14.0', 'category_encoders': '2.7.0', 'lightgbm': '4.6.0', 'numba': '0.58.1', 'requests': '2.32.3', 'matplotlib': '3.7.5', 'scikitplot': '0.3.7', 'yellowbrick': '1.5', 'plotly': '5.22.0', 'plotly-resampler': 'Not installed', 'kaleido': '1.2.0', 'schemdraw': '0.15', 'statsmodels': '0.14.5', 'sktime': '0.26.0', 'tbats': '1.1.3', 'pmdarima': '2.0.4', 'psutil': '7.0.0', 'markupsafe': '3.0.2', 'pickle5': 'Not installed', 'cloudpickle': '3.1.2', 'deprecation': '2.1.0', 'xxhash': '3.6.0', 'wurlitzer': '3.1.1'}, 'python': {'version': '3.11.9', 'machine': 'arm64'}}
pickle: {'deps_info': {'pip': '24.0', 'setuptools': '70.3.0', 'pycaret': '3.3.1', 'IPython': '8.26.0', 'ipywidgets': '8.1.3', 'tqdm': '4.66.5', 'numpy': '1.26.4', 'pandas': '1.5.3', 'jinja2': '3.1.4', 'scipy': '1.11.4', 'joblib': '1.3.2', 'sklearn': '1.4.2', 'pyod': '2.0.1', 'imblearn': '0.12.3', 'category_encoders': '2.6.3', 'lightgbm': '4.5.0', 'numba': '0.60.0', 'requests': '2.32.3', 'matplotlib': '3.8.4', 'scikitplot': '0.3.7', 'yellowbrick': '1.5', 'plotly': '5.23.0', 'plotly-resampler': 'Not installed', 'kaleido': '0.2.1', 'schemdraw': '0.15', 'statsmodels': '0.14.2', 'sktime': '0.26.0', 'tbats': '1.1.3', 'pmdarima': '2.0.4', 'psutil': '6.0.0', 'markupsafe': '2.1.5', 'pickle5': 'Not installed', 'cloudpickle': '3.0.0', 'deprecation': '2.1.0', 'xxhash': '3.4.1', 'wurlitzer': '3.1.1'}, 'python': {'version': '3.11.9', 'machine': 'arm64'}}
  warnings.warn(

2025-11-05 10:12:15,203:INFO:Initializing predict_model()
2025-11-05 10:12:15,203:INFO:predict_model(self=<pycaret.clustering.oop.ClusteringExperiment object at 0x30e0a9650>, estimator=Pipeline(memory=Memory(location=None),
         steps=[('numerical_imputer',
                 TransformerWrapper(include=[], transformer=SimpleImputer())),
                ('categorical_imputer',
                 TransformerWrapper(include=['age', 'edu_level', 'fav_animals',
                                             'fav_place', 'gender'],
                                    transformer=SimpleImputer(strategy='most_frequent'))),
                ('ordinal_encoding',
                 TransformerWrapper(include=['gender'],
                                    transfo...
                                                               mapping=[{'col': 'gender',
                                                                         'data_type': dtype('O'),
                                                                         'mapping': Kobieta      0
Mężczyzna    1
NaN         -1
dtype: int64}]))),
                ('onehot_encoding',
                 TransformerWrapper(include=['age', 'edu_level', 'fav_animals',
                                             'fav_place'],
                                    transformer=OneHotEncoder(cols=['age',
                                                                    'edu_level',
                                                                    'fav_animals',
                                                                    'fav_place'],
                                                              handle_missing='return_nan',
                                                              use_cat_names=True))),
                ('trained_model', KMeans(random_state=123))]), ml_usecase=None)
2025-11-05 10:12:15,203:INFO:Set up data.
2025-11-05 10:12:15,244:INFO:Initializing predict_model()
2025-11-05 10:12:15,244:INFO:predict_model(self=<pycaret.clustering.oop.ClusteringExperiment object at 0x30a2cecd0>, estimator=Pipeline(memory=Memory(location=None),
         steps=[('numerical_imputer',
                 TransformerWrapper(include=[], transformer=SimpleImputer())),
                ('categorical_imputer',
                 TransformerWrapper(include=['age', 'edu_level', 'fav_animals',
                                             'fav_place', 'gender'],
                                    transformer=SimpleImputer(strategy='most_frequent'))),
                ('ordinal_encoding',
                 TransformerWrapper(include=['gender'],
                                    transfo...
                                                               mapping=[{'col': 'gender',
                                                                         'data_type': dtype('O'),
                                                                         'mapping': Kobieta      0
Mężczyzna    1
NaN         -1
dtype: int64}]))),
                ('onehot_encoding',
                 TransformerWrapper(include=['age', 'edu_level', 'fav_animals',
                                             'fav_place'],
                                    transformer=OneHotEncoder(cols=['age',
                                                                    'edu_level',
                                                                    'fav_animals',
                                                                    'fav_place'],
                                                              handle_missing='return_nan',
                                                              use_cat_names=True))),
                ('trained_model', KMeans(random_state=123))]), ml_usecase=None)
2025-11-05 10:12:15,244:INFO:Set up data.
2025-11-05 10:14:17,923:INFO:Initializing predict_model()
2025-11-05 10:14:17,923:INFO:predict_model(self=<pycaret.clustering.oop.ClusteringExperiment object at 0x30d772790>, estimator=Pipeline(memory=Memory(location=None),
         steps=[('numerical_imputer',
                 TransformerWrapper(include=[], transformer=SimpleImputer())),
                ('categorical_imputer',
                 TransformerWrapper(include=['age', 'edu_level', 'fav_animals',
                                             'fav_place', 'gender'],
                                    transformer=SimpleImputer(strategy='most_frequent'))),
                ('ordinal_encoding',
                 TransformerWrapper(include=['gender'],
                                    transfo...
                                                               mapping=[{'col': 'gender',
                                                                         'data_type': dtype('O'),
                                                                         'mapping': Kobieta      0
Mężczyzna    1
NaN         -1
dtype: int64}]))),
                ('onehot_encoding',
                 TransformerWrapper(include=['age', 'edu_level', 'fav_animals',
                                             'fav_place'],
                                    transformer=OneHotEncoder(cols=['age',
                                                                    'edu_level',
                                                                    'fav_animals',
                                                                    'fav_place'],
                                                              handle_missing='return_nan',
                                                              use_cat_names=True))),
                ('trained_model', KMeans(random_state=123))]), ml_usecase=None)
2025-11-05 10:14:17,924:INFO:Set up data.
2025-11-05 10:14:17,992:INFO:Initializing predict_model()
2025-11-05 10:14:17,992:INFO:predict_model(self=<pycaret.clustering.oop.ClusteringExperiment object at 0x30d801910>, estimator=Pipeline(memory=Memory(location=None),
         steps=[('numerical_imputer',
                 TransformerWrapper(include=[], transformer=SimpleImputer())),
                ('categorical_imputer',
                 TransformerWrapper(include=['age', 'edu_level', 'fav_animals',
                                             'fav_place', 'gender'],
                                    transformer=SimpleImputer(strategy='most_frequent'))),
                ('ordinal_encoding',
                 TransformerWrapper(include=['gender'],
                                    transfo...
                                                               mapping=[{'col': 'gender',
                                                                         'data_type': dtype('O'),
                                                                         'mapping': Kobieta      0
Mężczyzna    1
NaN         -1
dtype: int64}]))),
                ('onehot_encoding',
                 TransformerWrapper(include=['age', 'edu_level', 'fav_animals',
                                             'fav_place'],
                                    transformer=OneHotEncoder(cols=['age',
                                                                    'edu_level',
                                                                    'fav_animals',
                                                                    'fav_place'],
                                                              handle_missing='return_nan',
                                                              use_cat_names=True))),
                ('trained_model', KMeans(random_state=123))]), ml_usecase=None)
2025-11-05 10:14:17,992:INFO:Set up data.
2025-11-05 10:14:25,118:INFO:Initializing predict_model()
2025-11-05 10:14:25,119:INFO:predict_model(self=<pycaret.clustering.oop.ClusteringExperiment object at 0x30d815110>, estimator=Pipeline(memory=Memory(location=None),
         steps=[('numerical_imputer',
                 TransformerWrapper(include=[], transformer=SimpleImputer())),
                ('categorical_imputer',
                 TransformerWrapper(include=['age', 'edu_level', 'fav_animals',
                                             'fav_place', 'gender'],
                                    transformer=SimpleImputer(strategy='most_frequent'))),
                ('ordinal_encoding',
                 TransformerWrapper(include=['gender'],
                                    transfo...
                                                               mapping=[{'col': 'gender',
                                                                         'data_type': dtype('O'),
                                                                         'mapping': Kobieta      0
Mężczyzna    1
NaN         -1
dtype: int64}]))),
                ('onehot_encoding',
                 TransformerWrapper(include=['age', 'edu_level', 'fav_animals',
                                             'fav_place'],
                                    transformer=OneHotEncoder(cols=['age',
                                                                    'edu_level',
                                                                    'fav_animals',
                                                                    'fav_place'],
                                                              handle_missing='return_nan',
                                                              use_cat_names=True))),
                ('trained_model', KMeans(random_state=123))]), ml_usecase=None)
2025-11-05 10:14:25,119:INFO:Set up data.
2025-11-05 10:14:28,358:INFO:Initializing predict_model()
2025-11-05 10:14:28,358:INFO:predict_model(self=<pycaret.clustering.oop.ClusteringExperiment object at 0x30d8d7c50>, estimator=Pipeline(memory=Memory(location=None),
         steps=[('numerical_imputer',
                 TransformerWrapper(include=[], transformer=SimpleImputer())),
                ('categorical_imputer',
                 TransformerWrapper(include=['age', 'edu_level', 'fav_animals',
                                             'fav_place', 'gender'],
                                    transformer=SimpleImputer(strategy='most_frequent'))),
                ('ordinal_encoding',
                 TransformerWrapper(include=['gender'],
                                    transfo...
                                                               mapping=[{'col': 'gender',
                                                                         'data_type': dtype('O'),
                                                                         'mapping': Kobieta      0
Mężczyzna    1
NaN         -1
dtype: int64}]))),
                ('onehot_encoding',
                 TransformerWrapper(include=['age', 'edu_level', 'fav_animals',
                                             'fav_place'],
                                    transformer=OneHotEncoder(cols=['age',
                                                                    'edu_level',
                                                                    'fav_animals',
                                                                    'fav_place'],
                                                              handle_missing='return_nan',
                                                              use_cat_names=True))),
                ('trained_model', KMeans(random_state=123))]), ml_usecase=None)
2025-11-05 10:14:28,358:INFO:Set up data.
2025-11-05 10:14:30,603:INFO:Initializing predict_model()
2025-11-05 10:14:30,603:INFO:predict_model(self=<pycaret.clustering.oop.ClusteringExperiment object at 0x30becb3d0>, estimator=Pipeline(memory=Memory(location=None),
         steps=[('numerical_imputer',
                 TransformerWrapper(include=[], transformer=SimpleImputer())),
                ('categorical_imputer',
                 TransformerWrapper(include=['age', 'edu_level', 'fav_animals',
                                             'fav_place', 'gender'],
                                    transformer=SimpleImputer(strategy='most_frequent'))),
                ('ordinal_encoding',
                 TransformerWrapper(include=['gender'],
                                    transfo...
                                                               mapping=[{'col': 'gender',
                                                                         'data_type': dtype('O'),
                                                                         'mapping': Kobieta      0
Mężczyzna    1
NaN         -1
dtype: int64}]))),
                ('onehot_encoding',
                 TransformerWrapper(include=['age', 'edu_level', 'fav_animals',
                                             'fav_place'],
                                    transformer=OneHotEncoder(cols=['age',
                                                                    'edu_level',
                                                                    'fav_animals',
                                                                    'fav_place'],
                                                              handle_missing='return_nan',
                                                              use_cat_names=True))),
                ('trained_model', KMeans(random_state=123))]), ml_usecase=None)
2025-11-05 10:14:30,603:INFO:Set up data.
2025-11-05 10:14:39,096:INFO:Initializing predict_model()
2025-11-05 10:14:39,096:INFO:predict_model(self=<pycaret.clustering.oop.ClusteringExperiment object at 0x30d7e04d0>, estimator=Pipeline(memory=Memory(location=None),
         steps=[('numerical_imputer',
                 TransformerWrapper(include=[], transformer=SimpleImputer())),
                ('categorical_imputer',
                 TransformerWrapper(include=['age', 'edu_level', 'fav_animals',
                                             'fav_place', 'gender'],
                                    transformer=SimpleImputer(strategy='most_frequent'))),
                ('ordinal_encoding',
                 TransformerWrapper(include=['gender'],
                                    transfo...
                                                               mapping=[{'col': 'gender',
                                                                         'data_type': dtype('O'),
                                                                         'mapping': Kobieta      0
Mężczyzna    1
NaN         -1
dtype: int64}]))),
                ('onehot_encoding',
                 TransformerWrapper(include=['age', 'edu_level', 'fav_animals',
                                             'fav_place'],
                                    transformer=OneHotEncoder(cols=['age',
                                                                    'edu_level',
                                                                    'fav_animals',
                                                                    'fav_place'],
                                                              handle_missing='return_nan',
                                                              use_cat_names=True))),
                ('trained_model', KMeans(random_state=123))]), ml_usecase=None)
2025-11-05 10:14:39,097:INFO:Set up data.
2025-11-05 10:14:43,130:INFO:Initializing predict_model()
2025-11-05 10:14:43,130:INFO:predict_model(self=<pycaret.clustering.oop.ClusteringExperiment object at 0x105287dd0>, estimator=Pipeline(memory=Memory(location=None),
         steps=[('numerical_imputer',
                 TransformerWrapper(include=[], transformer=SimpleImputer())),
                ('categorical_imputer',
                 TransformerWrapper(include=['age', 'edu_level', 'fav_animals',
                                             'fav_place', 'gender'],
                                    transformer=SimpleImputer(strategy='most_frequent'))),
                ('ordinal_encoding',
                 TransformerWrapper(include=['gender'],
                                    transfo...
                                                               mapping=[{'col': 'gender',
                                                                         'data_type': dtype('O'),
                                                                         'mapping': Kobieta      0
Mężczyzna    1
NaN         -1
dtype: int64}]))),
                ('onehot_encoding',
                 TransformerWrapper(include=['age', 'edu_level', 'fav_animals',
                                             'fav_place'],
                                    transformer=OneHotEncoder(cols=['age',
                                                                    'edu_level',
                                                                    'fav_animals',
                                                                    'fav_place'],
                                                              handle_missing='return_nan',
                                                              use_cat_names=True))),
                ('trained_model', KMeans(random_state=123))]), ml_usecase=None)
2025-11-05 10:14:43,130:INFO:Set up data.
2025-11-06 10:28:20,744:WARNING:
'cuml' is a soft dependency and not included in the pycaret installation. Please run: `pip install cuml` to install.
2025-11-06 10:28:20,744:WARNING:
'cuml' is a soft dependency and not included in the pycaret installation. Please run: `pip install cuml` to install.
2025-11-06 10:28:20,744:WARNING:
'cuml' is a soft dependency and not included in the pycaret installation. Please run: `pip install cuml` to install.
2025-11-06 10:28:20,744:WARNING:
'cuml' is a soft dependency and not included in the pycaret installation. Please run: `pip install cuml` to install.
2025-11-06 10:28:24,197:INFO:Initializing load_model()
2025-11-06 10:28:24,197:INFO:load_model(model_name=welcome_survey_clustering_pipeline_v1, platform=None, authentication=None, verbose=True)
2025-11-06 10:28:24,684:WARNING:/opt/miniconda3/envs/od_zera_do_ai_v2/lib/python3.11/site-packages/pycaret/internal/pipeline.py:148: UserWarning: Version mismatch:
current: {'deps_info': {'pip': '24.0', 'setuptools': '80.9.0', 'pycaret': '3.3.2', 'IPython': '8.25.0', 'ipywidgets': '8.1.7', 'tqdm': '4.67.1', 'numpy': '1.26.4', 'pandas': '1.5.3', 'jinja2': '3.1.6', 'scipy': '1.11.4', 'joblib': '1.3.2', 'sklearn': '1.4.2', 'pyod': '2.0.5', 'imblearn': '0.14.0', 'category_encoders': '2.7.0', 'lightgbm': '4.6.0', 'numba': '0.58.1', 'requests': '2.32.3', 'matplotlib': '3.7.5', 'scikitplot': '0.3.7', 'yellowbrick': '1.5', 'plotly': '5.22.0', 'plotly-resampler': 'Not installed', 'kaleido': '1.2.0', 'schemdraw': '0.15', 'statsmodels': '0.14.5', 'sktime': '0.26.0', 'tbats': '1.1.3', 'pmdarima': '2.0.4', 'psutil': '7.0.0', 'markupsafe': '3.0.2', 'pickle5': 'Not installed', 'cloudpickle': '3.1.2', 'deprecation': '2.1.0', 'xxhash': '3.6.0', 'wurlitzer': '3.1.1'}, 'python': {'version': '3.11.9', 'machine': 'arm64'}}
pickle: {'deps_info': {'pip': '24.0', 'setuptools': '70.3.0', 'pycaret': '3.3.1', 'IPython': '8.26.0', 'ipywidgets': '8.1.3', 'tqdm': '4.66.5', 'numpy': '1.26.4', 'pandas': '1.5.3', 'jinja2': '3.1.4', 'scipy': '1.11.4', 'joblib': '1.3.2', 'sklearn': '1.4.2', 'pyod': '2.0.1', 'imblearn': '0.12.3', 'category_encoders': '2.6.3', 'lightgbm': '4.5.0', 'numba': '0.60.0', 'requests': '2.32.3', 'matplotlib': '3.8.4', 'scikitplot': '0.3.7', 'yellowbrick': '1.5', 'plotly': '5.23.0', 'plotly-resampler': 'Not installed', 'kaleido': '0.2.1', 'schemdraw': '0.15', 'statsmodels': '0.14.2', 'sktime': '0.26.0', 'tbats': '1.1.3', 'pmdarima': '2.0.4', 'psutil': '6.0.0', 'markupsafe': '2.1.5', 'pickle5': 'Not installed', 'cloudpickle': '3.0.0', 'deprecation': '2.1.0', 'xxhash': '3.4.1', 'wurlitzer': '3.1.1'}, 'python': {'version': '3.11.9', 'machine': 'arm64'}}
  warnings.warn(

2025-11-06 10:28:24,719:INFO:Initializing predict_model()
2025-11-06 10:28:24,719:INFO:predict_model(self=<pycaret.clustering.oop.ClusteringExperiment object at 0x16035a450>, estimator=Pipeline(memory=Memory(location=None),
         steps=[('numerical_imputer',
                 TransformerWrapper(include=[], transformer=SimpleImputer())),
                ('categorical_imputer',
                 TransformerWrapper(include=['age', 'edu_level', 'fav_animals',
                                             'fav_place', 'gender'],
                                    transformer=SimpleImputer(strategy='most_frequent'))),
                ('ordinal_encoding',
                 TransformerWrapper(include=['gender'],
                                    transfo...
                                                               mapping=[{'col': 'gender',
                                                                         'data_type': dtype('O'),
                                                                         'mapping': Kobieta      0
Mężczyzna    1
NaN         -1
dtype: int64}]))),
                ('onehot_encoding',
                 TransformerWrapper(include=['age', 'edu_level', 'fav_animals',
                                             'fav_place'],
                                    transformer=OneHotEncoder(cols=['age',
                                                                    'edu_level',
                                                                    'fav_animals',
                                                                    'fav_place'],
                                                              handle_missing='return_nan',
                                                              use_cat_names=True))),
                ('trained_model', KMeans(random_state=123))]), ml_usecase=None)
2025-11-06 10:28:24,719:INFO:Set up data.
2025-11-06 10:28:24,834:INFO:Initializing predict_model()
2025-11-06 10:28:24,835:INFO:predict_model(self=<pycaret.clustering.oop.ClusteringExperiment object at 0x30b922e90>, estimator=Pipeline(memory=Memory(location=None),
         steps=[('numerical_imputer',
                 TransformerWrapper(include=[], transformer=SimpleImputer())),
                ('categorical_imputer',
                 TransformerWrapper(include=['age', 'edu_level', 'fav_animals',
                                             'fav_place', 'gender'],
                                    transformer=SimpleImputer(strategy='most_frequent'))),
                ('ordinal_encoding',
                 TransformerWrapper(include=['gender'],
                                    transfo...
                                                               mapping=[{'col': 'gender',
                                                                         'data_type': dtype('O'),
                                                                         'mapping': Kobieta      0
Mężczyzna    1
NaN         -1
dtype: int64}]))),
                ('onehot_encoding',
                 TransformerWrapper(include=['age', 'edu_level', 'fav_animals',
                                             'fav_place'],
                                    transformer=OneHotEncoder(cols=['age',
                                                                    'edu_level',
                                                                    'fav_animals',
                                                                    'fav_place'],
                                                              handle_missing='return_nan',
                                                              use_cat_names=True))),
                ('trained_model', KMeans(random_state=123))]), ml_usecase=None)
2025-11-06 10:28:24,835:INFO:Set up data.
2025-11-06 13:28:16,537:WARNING:
'cuml' is a soft dependency and not included in the pycaret installation. Please run: `pip install cuml` to install.
2025-11-06 13:28:16,537:WARNING:
'cuml' is a soft dependency and not included in the pycaret installation. Please run: `pip install cuml` to install.
2025-11-06 13:28:16,537:WARNING:
'cuml' is a soft dependency and not included in the pycaret installation. Please run: `pip install cuml` to install.
2025-11-06 13:28:16,537:WARNING:
'cuml' is a soft dependency and not included in the pycaret installation. Please run: `pip install cuml` to install.
2025-11-06 13:28:33,223:INFO:PyCaret ClusteringExperiment
2025-11-06 13:28:33,223:INFO:Logging name: cluster-default-name
2025-11-06 13:28:33,223:INFO:ML Usecase: MLUsecase.CLUSTERING
2025-11-06 13:28:33,224:INFO:version 3.3.2
2025-11-06 13:28:33,224:INFO:Initializing setup()
2025-11-06 13:28:33,224:INFO:self.USI: 0c97
2025-11-06 13:28:33,224:INFO:self._variable_keys: {'exp_name_log', 'seed', 'exp_id', 'USI', 'gpu_n_jobs_param', 'n_jobs_param', 'idx', 'log_plots_param', 'logging_param', 'memory', 'pipeline', 'data', '_available_plots', 'html_param', 'X', '_ml_usecase', 'gpu_param'}
2025-11-06 13:28:33,224:INFO:Checking environment
2025-11-06 13:28:33,224:INFO:python_version: 3.11.9
2025-11-06 13:28:33,224:INFO:python_build: ('main', 'Apr 19 2024 18:34:54')
2025-11-06 13:28:33,224:INFO:machine: arm64
2025-11-06 13:28:33,224:INFO:platform: macOS-15.5-arm64-arm-64bit
2025-11-06 13:28:33,224:INFO:Memory: svmem(total=8589934592, available=1238482944, percent=85.6, used=3226959872, free=59752448, active=1191297024, inactive=1161461760, wired=2035662848)
2025-11-06 13:28:33,224:INFO:Physical Core: 8
2025-11-06 13:28:33,224:INFO:Logical Core: 8
2025-11-06 13:28:33,224:INFO:Checking libraries
2025-11-06 13:28:33,224:INFO:System:
2025-11-06 13:28:33,224:INFO:    python: 3.11.9 | packaged by conda-forge | (main, Apr 19 2024, 18:34:54) [Clang 16.0.6 ]
2025-11-06 13:28:33,224:INFO:executable: /opt/miniconda3/envs/od_zera_do_ai_v2/bin/python
2025-11-06 13:28:33,224:INFO:   machine: macOS-15.5-arm64-arm-64bit
2025-11-06 13:28:33,224:INFO:PyCaret required dependencies:
2025-11-06 13:28:33,292:INFO:                 pip: 24.0
2025-11-06 13:28:33,292:INFO:          setuptools: 80.9.0
2025-11-06 13:28:33,292:INFO:             pycaret: 3.3.2
2025-11-06 13:28:33,292:INFO:             IPython: 8.25.0
2025-11-06 13:28:33,292:INFO:          ipywidgets: 8.1.7
2025-11-06 13:28:33,292:INFO:                tqdm: 4.67.1
2025-11-06 13:28:33,292:INFO:               numpy: 1.26.4
2025-11-06 13:28:33,292:INFO:              pandas: 1.5.3
2025-11-06 13:28:33,292:INFO:              jinja2: 3.1.6
2025-11-06 13:28:33,292:INFO:               scipy: 1.11.4
2025-11-06 13:28:33,292:INFO:              joblib: 1.3.2
2025-11-06 13:28:33,292:INFO:             sklearn: 1.4.2
2025-11-06 13:28:33,292:INFO:                pyod: 2.0.5
2025-11-06 13:28:33,292:INFO:            imblearn: 0.14.0
2025-11-06 13:28:33,292:INFO:   category_encoders: 2.7.0
2025-11-06 13:28:33,292:INFO:            lightgbm: 4.6.0
2025-11-06 13:28:33,292:INFO:               numba: 0.58.1
2025-11-06 13:28:33,292:INFO:            requests: 2.32.3
2025-11-06 13:28:33,292:INFO:          matplotlib: 3.7.5
2025-11-06 13:28:33,292:INFO:          scikitplot: 0.3.7
2025-11-06 13:28:33,292:INFO:         yellowbrick: 1.5
2025-11-06 13:28:33,292:INFO:              plotly: 5.22.0
2025-11-06 13:28:33,292:INFO:    plotly-resampler: Not installed
2025-11-06 13:28:33,292:INFO:             kaleido: 1.2.0
2025-11-06 13:28:33,292:INFO:           schemdraw: 0.15
2025-11-06 13:28:33,292:INFO:         statsmodels: 0.14.5
2025-11-06 13:28:33,292:INFO:              sktime: 0.26.0
2025-11-06 13:28:33,292:INFO:               tbats: 1.1.3
2025-11-06 13:28:33,292:INFO:            pmdarima: 2.0.4
2025-11-06 13:28:33,292:INFO:              psutil: 7.0.0
2025-11-06 13:28:33,292:INFO:          markupsafe: 3.0.2
2025-11-06 13:28:33,292:INFO:             pickle5: Not installed
2025-11-06 13:28:33,292:INFO:         cloudpickle: 3.1.2
2025-11-06 13:28:33,292:INFO:         deprecation: 2.1.0
2025-11-06 13:28:33,292:INFO:              xxhash: 3.6.0
2025-11-06 13:28:33,292:INFO:           wurlitzer: 3.1.1
2025-11-06 13:28:33,292:INFO:PyCaret optional dependencies:
2025-11-06 13:28:33,571:INFO:                shap: Not installed
2025-11-06 13:28:33,571:INFO:           interpret: Not installed
2025-11-06 13:28:33,571:INFO:                umap: Not installed
2025-11-06 13:28:33,571:INFO:     ydata_profiling: 4.12.1
2025-11-06 13:28:33,571:INFO:  explainerdashboard: Not installed
2025-11-06 13:28:33,571:INFO:             autoviz: Not installed
2025-11-06 13:28:33,571:INFO:           fairlearn: Not installed
2025-11-06 13:28:33,571:INFO:          deepchecks: Not installed
2025-11-06 13:28:33,572:INFO:             xgboost: Not installed
2025-11-06 13:28:33,572:INFO:            catboost: Not installed
2025-11-06 13:28:33,572:INFO:              kmodes: Not installed
2025-11-06 13:28:33,572:INFO:             mlxtend: Not installed
2025-11-06 13:28:33,572:INFO:       statsforecast: Not installed
2025-11-06 13:28:33,572:INFO:        tune_sklearn: Not installed
2025-11-06 13:28:33,572:INFO:                 ray: Not installed
2025-11-06 13:28:33,572:INFO:            hyperopt: Not installed
2025-11-06 13:28:33,572:INFO:              optuna: Not installed
2025-11-06 13:28:33,572:INFO:               skopt: Not installed
2025-11-06 13:28:33,572:INFO:              mlflow: 2.16.2
2025-11-06 13:28:33,572:INFO:              gradio: Not installed
2025-11-06 13:28:33,572:INFO:             fastapi: Not installed
2025-11-06 13:28:33,572:INFO:             uvicorn: 0.35.0
2025-11-06 13:28:33,572:INFO:              m2cgen: Not installed
2025-11-06 13:28:33,572:INFO:           evidently: 0.7.7
2025-11-06 13:28:33,572:INFO:               fugue: Not installed
2025-11-06 13:28:33,572:INFO:           streamlit: 1.43.2
2025-11-06 13:28:33,572:INFO:             prophet: Not installed
2025-11-06 13:28:33,572:INFO:None
2025-11-06 13:28:33,572:INFO:Set up data.
2025-11-06 13:28:33,577:INFO:Set up index.
2025-11-06 13:28:33,577:INFO:Assigning column types.
2025-11-06 13:28:33,579:INFO:Engine successfully changes for model 'kmeans' to 'sklearn'.
2025-11-06 13:28:33,579:INFO:Engine for model 'dbscan' has not been set explicitly, hence returning None.
2025-11-06 13:28:33,579:WARNING:
'kmodes' is a soft dependency and not included in the pycaret installation. Please run: `pip install kmodes` to install.
Alternately, you can install this by running `pip install pycaret[models]`
2025-11-06 13:28:33,579:INFO:Engine for model 'dbscan' has not been set explicitly, hence returning None.
2025-11-06 13:28:33,579:WARNING:
'kmodes' is a soft dependency and not included in the pycaret installation. Please run: `pip install kmodes` to install.
Alternately, you can install this by running `pip install pycaret[models]`
2025-11-06 13:28:33,579:INFO:Engine successfully changes for model 'dbscan' to 'sklearn'.
2025-11-06 13:28:33,580:WARNING:
'kmodes' is a soft dependency and not included in the pycaret installation. Please run: `pip install kmodes` to install.
Alternately, you can install this by running `pip install pycaret[models]`
2025-11-06 13:28:33,580:WARNING:
'kmodes' is a soft dependency and not included in the pycaret installation. Please run: `pip install kmodes` to install.
Alternately, you can install this by running `pip install pycaret[models]`
2025-11-06 13:28:33,582:INFO:Preparing preprocessing pipeline...
2025-11-06 13:28:33,582:INFO:Set up simple imputation.
2025-11-06 13:28:33,584:INFO:Set up encoding of ordinal features.
2025-11-06 13:28:33,584:INFO:Set up encoding of categorical features.
2025-11-06 13:28:33,633:INFO:Finished creating preprocessing pipeline.
2025-11-06 13:28:33,642:INFO:Pipeline: Pipeline(memory=FastMemory(location=/var/folders/k2/p851359j1js92hhy_0y83f900000gn/T/joblib),
         steps=[('numerical_imputer',
                 TransformerWrapper(include=[], transformer=SimpleImputer())),
                ('categorical_imputer',
                 TransformerWrapper(include=['age', 'edu_level', 'fav_animals',
                                             'fav_place', 'gender'],
                                    transformer=SimpleImputer(strategy='most_frequent'))),
                ('ordinal_...
                                    transformer=OrdinalEncoder(cols=['gender'],
                                                               handle_missing='return_nan',
                                                               mapping=[{'col': 'gender',
                                                                         'data_type': dtype('O'),
                                                                         'mapping': Kobieta      0
Mężczyzna    1
NaN         -1
dtype: int64}]))),
                ('onehot_encoding',
                 TransformerWrapper(include=['age', 'edu_level', 'fav_animals',
                                             'fav_place'],
                                    transformer=OneHotEncoder(cols=['age',
                                                                    'edu_level',
                                                                    'fav_animals',
                                                                    'fav_place'],
                                                              handle_missing='return_nan',
                                                              use_cat_names=True)))])
2025-11-06 13:28:33,642:INFO:Creating final display dataframe.
2025-11-06 13:28:33,664:INFO:Setup _display_container:                  Description                 Value
0                 Session id                   123
1        Original data shape              (229, 5)
2     Transformed data shape             (229, 21)
3       Categorical features                     5
4   Rows with missing values                 13.1%
5                 Preprocess                  True
6            Imputation type                simple
7         Numeric imputation                  mean
8     Categorical imputation                  mode
9   Maximum one-hot encoding                    -1
10           Encoding method                  None
11                  CPU Jobs                    -1
12                   Use GPU                 False
13            Log Experiment                 False
14           Experiment Name  cluster-default-name
15                       USI                  0c97
2025-11-06 13:28:33,669:WARNING:
'kmodes' is a soft dependency and not included in the pycaret installation. Please run: `pip install kmodes` to install.
Alternately, you can install this by running `pip install pycaret[models]`
2025-11-06 13:28:33,669:WARNING:
'kmodes' is a soft dependency and not included in the pycaret installation. Please run: `pip install kmodes` to install.
Alternately, you can install this by running `pip install pycaret[models]`
2025-11-06 13:28:33,669:INFO:setup() successfully completed in 0.45s...............
2025-11-06 13:28:44,614:INFO:Initializing create_model()
2025-11-06 13:28:44,615:INFO:create_model(self=<pycaret.clustering.oop.ClusteringExperiment object at 0x128560650>, estimator=kmeans, num_clusters=8, fraction=0.05, ground_truth=None, round=4, fit_kwargs=None, experiment_custom_tags=None, verbose=True, system=True, add_to_model_list=True, raise_num_clusters=False, display=None, kwargs={})
2025-11-06 13:28:44,615:INFO:Checking exceptions
2025-11-06 13:28:44,856:INFO:Importing untrained model
2025-11-06 13:28:44,858:INFO:K-Means Clustering Imported successfully
2025-11-06 13:28:44,860:INFO:Fitting Model
2025-11-06 13:28:45,067:INFO:KMeans(random_state=123)
2025-11-06 13:28:45,067:INFO:create_models() successfully completed......................................
2025-11-06 13:28:45,074:INFO:Uploading results into container
2025-11-06 13:28:45,078:INFO:Uploading model into container now
2025-11-06 13:28:45,086:INFO:_master_model_container: 1
2025-11-06 13:28:45,086:INFO:_display_container: 2
2025-11-06 13:28:45,086:INFO:KMeans(random_state=123)
2025-11-06 13:28:45,086:INFO:create_model() successfully completed......................................
2025-11-06 13:28:52,493:INFO:Initializing assign_model()
2025-11-06 13:28:52,494:INFO:assign_model(self=<pycaret.clustering.oop.ClusteringExperiment object at 0x128560650>, model=KMeans(random_state=123), transformation=False, score=True, verbose=True)
2025-11-06 13:28:52,494:INFO:Checking exceptions
2025-11-06 13:28:52,495:INFO:Determining Trained Model
2025-11-06 13:28:52,496:INFO:Trained Model : K-Means Clustering
2025-11-06 13:28:52,497:INFO:Copying data
2025-11-06 13:28:52,502:INFO:(229, 6)
2025-11-06 13:28:52,502:INFO:assign_model() successfully completed......................................
2025-11-06 13:28:59,162:INFO:Initializing plot_model()
2025-11-06 13:28:59,163:INFO:plot_model(self=<pycaret.clustering.oop.ClusteringExperiment object at 0x128560650>, estimator=KMeans(random_state=123), plot=cluster, scale=1, save=False, fold=None, fit_kwargs=None, plot_kwargs=None, groups=None, feature_name=None, label=False, verbose=True, system=True, display=None, display_format=None)
2025-11-06 13:28:59,163:INFO:Checking exceptions
2025-11-06 13:28:59,169:INFO:Preloading libraries
2025-11-06 13:28:59,169:INFO:Copying training dataset
2025-11-06 13:28:59,170:INFO:Plot type: cluster
2025-11-06 13:28:59,176:INFO:SubProcess assign_model() called ==================================
2025-11-06 13:28:59,176:INFO:Initializing assign_model()
2025-11-06 13:28:59,176:INFO:assign_model(self=<pycaret.clustering.oop.ClusteringExperiment object at 0x128560650>, model=KMeans(random_state=123), transformation=True, score=True, verbose=False)
2025-11-06 13:28:59,176:INFO:Checking exceptions
2025-11-06 13:28:59,177:INFO:Determining Trained Model
2025-11-06 13:28:59,177:INFO:Trained Model : K-Means Clustering
2025-11-06 13:28:59,177:INFO:Copying data
2025-11-06 13:28:59,218:INFO:Transformation parameter set to True. Assigned clusters are attached on transformed dataset.
2025-11-06 13:28:59,219:INFO:(229, 22)
2025-11-06 13:28:59,219:INFO:assign_model() successfully completed......................................
2025-11-06 13:28:59,219:INFO:SubProcess assign_model() end ==================================
2025-11-06 13:28:59,220:INFO:Fitting PCA()
2025-11-06 13:28:59,226:INFO:Sorting dataframe
2025-11-06 13:28:59,227:INFO:Rendering Visual
2025-11-06 13:28:59,583:WARNING:/opt/miniconda3/envs/od_zera_do_ai_v2/lib/python3.11/site-packages/kaleido/_sync_server.py:11: UserWarning:



Warning: You have Plotly version 5.22.0, which is not compatible with this version of Kaleido (1.2.0).

This means that static image generation (e.g. `fig.write_image()`) will not work.

Please upgrade Plotly to version 6.1.1 or greater, or downgrade Kaleido to version 0.2.1.



2025-11-06 13:28:59,849:INFO:Visual Rendered Successfully
2025-11-06 13:29:00,069:INFO:plot_model() successfully completed......................................
2025-11-06 13:29:29,406:INFO:Initializing save_model()
2025-11-06 13:29:29,407:INFO:save_model(model=KMeans(random_state=123), model_name=welcome_survey_clustering_pipeline_v2, prep_pipe_=Pipeline(memory=FastMemory(location=/var/folders/k2/p851359j1js92hhy_0y83f900000gn/T/joblib),
         steps=[('numerical_imputer',
                 TransformerWrapper(include=[], transformer=SimpleImputer())),
                ('categorical_imputer',
                 TransformerWrapper(include=['age', 'edu_level', 'fav_animals',
                                             'fav_place', 'gender'],
                                    transformer=SimpleImputer(strategy='most_frequent'))),
                ('ordinal_...
                                    transformer=OrdinalEncoder(cols=['gender'],
                                                               handle_missing='return_nan',
                                                               mapping=[{'col': 'gender',
                                                                         'data_type': dtype('O'),
                                                                         'mapping': Kobieta      0
Mężczyzna    1
NaN         -1
dtype: int64}]))),
                ('onehot_encoding',
                 TransformerWrapper(include=['age', 'edu_level', 'fav_animals',
                                             'fav_place'],
                                    transformer=OneHotEncoder(cols=['age',
                                                                    'edu_level',
                                                                    'fav_animals',
                                                                    'fav_place'],
                                                              handle_missing='return_nan',
                                                              use_cat_names=True)))]), verbose=False, use_case=MLUsecase.CLUSTERING, kwargs={})
2025-11-06 13:29:29,407:INFO:Adding model into prep_pipe
2025-11-06 13:29:29,419:INFO:welcome_survey_clustering_pipeline_v2.pkl saved in current working directory
2025-11-06 13:29:29,429:INFO:Pipeline(memory=Memory(location=None),
         steps=[('numerical_imputer',
                 TransformerWrapper(include=[], transformer=SimpleImputer())),
                ('categorical_imputer',
                 TransformerWrapper(include=['age', 'edu_level', 'fav_animals',
                                             'fav_place', 'gender'],
                                    transformer=SimpleImputer(strategy='most_frequent'))),
                ('ordinal_encoding',
                 TransformerWrapper(include=['gender'],
                                    transfo...
                                                               mapping=[{'col': 'gender',
                                                                         'data_type': dtype('O'),
                                                                         'mapping': Kobieta      0
Mężczyzna    1
NaN         -1
dtype: int64}]))),
                ('onehot_encoding',
                 TransformerWrapper(include=['age', 'edu_level', 'fav_animals',
                                             'fav_place'],
                                    transformer=OneHotEncoder(cols=['age',
                                                                    'edu_level',
                                                                    'fav_animals',
                                                                    'fav_place'],
                                                              handle_missing='return_nan',
                                                              use_cat_names=True))),
                ('trained_model', KMeans(random_state=123))])
2025-11-06 13:29:29,429:INFO:save_model() successfully completed......................................
2025-11-06 13:29:34,872:INFO:Initializing load_model()
2025-11-06 13:29:34,872:INFO:load_model(model_name=welcome_survey_clustering_pipeline_v2, platform=None, authentication=None, verbose=True)
2025-11-06 13:29:48,366:INFO:Initializing predict_model()
2025-11-06 13:29:48,367:INFO:predict_model(self=<pycaret.clustering.oop.ClusteringExperiment object at 0x128560650>, estimator=Pipeline(memory=FastMemory(location=/var/folders/k2/p851359j1js92hhy_0y83f900000gn/T/joblib),
         steps=[('numerical_imputer',
                 TransformerWrapper(include=[], transformer=SimpleImputer())),
                ('categorical_imputer',
                 TransformerWrapper(include=['age', 'edu_level', 'fav_animals',
                                             'fav_place', 'gender'],
                                    transformer=SimpleImputer(strategy='most_frequent'))),
                ('ordinal_...
                                                               mapping=[{'col': 'gender',
                                                                         'data_type': dtype('O'),
                                                                         'mapping': Kobieta      0
Mężczyzna    1
NaN         -1
dtype: int64}]))),
                ('onehot_encoding',
                 TransformerWrapper(include=['age', 'edu_level', 'fav_animals',
                                             'fav_place'],
                                    transformer=OneHotEncoder(cols=['age',
                                                                    'edu_level',
                                                                    'fav_animals',
                                                                    'fav_place'],
                                                              handle_missing='return_nan',
                                                              use_cat_names=True))),
                ('trained_model', KMeans(random_state=123))]), ml_usecase=None)
2025-11-06 13:29:48,368:INFO:Set up data.
2025-11-06 13:31:49,655:WARNING:
'cuml' is a soft dependency and not included in the pycaret installation. Please run: `pip install cuml` to install.
2025-11-06 13:31:49,655:WARNING:
'cuml' is a soft dependency and not included in the pycaret installation. Please run: `pip install cuml` to install.
2025-11-06 13:31:49,655:WARNING:
'cuml' is a soft dependency and not included in the pycaret installation. Please run: `pip install cuml` to install.
2025-11-06 13:31:49,655:WARNING:
'cuml' is a soft dependency and not included in the pycaret installation. Please run: `pip install cuml` to install.
2025-11-06 13:32:58,934:WARNING:
'cuml' is a soft dependency and not included in the pycaret installation. Please run: `pip install cuml` to install.
2025-11-06 13:32:58,934:WARNING:
'cuml' is a soft dependency and not included in the pycaret installation. Please run: `pip install cuml` to install.
2025-11-06 13:32:58,934:WARNING:
'cuml' is a soft dependency and not included in the pycaret installation. Please run: `pip install cuml` to install.
2025-11-06 13:32:58,934:WARNING:
'cuml' is a soft dependency and not included in the pycaret installation. Please run: `pip install cuml` to install.
2025-11-06 13:33:19,215:INFO:Initializing load_model()
2025-11-06 13:33:19,216:INFO:load_model(model_name=welcome_survey_clustering_pipeline_v2, platform=None, authentication=None, verbose=True)
2025-11-06 13:33:24,155:INFO:Initializing predict_model()
2025-11-06 13:33:24,155:INFO:predict_model(self=<pycaret.clustering.oop.ClusteringExperiment object at 0x16d821690>, estimator=Pipeline(memory=Memory(location=None),
         steps=[('numerical_imputer',
                 TransformerWrapper(include=[], transformer=SimpleImputer())),
                ('categorical_imputer',
                 TransformerWrapper(include=['age', 'edu_level', 'fav_animals',
                                             'fav_place', 'gender'],
                                    transformer=SimpleImputer(strategy='most_frequent'))),
                ('ordinal_encoding',
                 TransformerWrapper(include=['gender'],
                                    transfo...
                                                               mapping=[{'col': 'gender',
                                                                         'data_type': dtype('O'),
                                                                         'mapping': Kobieta      0
Mężczyzna    1
NaN         -1
dtype: int64}]))),
                ('onehot_encoding',
                 TransformerWrapper(include=['age', 'edu_level', 'fav_animals',
                                             'fav_place'],
                                    transformer=OneHotEncoder(cols=['age',
                                                                    'edu_level',
                                                                    'fav_animals',
                                                                    'fav_place'],
                                                              handle_missing='return_nan',
                                                              use_cat_names=True))),
                ('trained_model', KMeans(random_state=123))]), ml_usecase=None)
2025-11-06 13:33:24,155:INFO:Set up data.
2025-11-06 13:37:57,241:WARNING:
'cuml' is a soft dependency and not included in the pycaret installation. Please run: `pip install cuml` to install.
2025-11-06 13:37:57,241:WARNING:
'cuml' is a soft dependency and not included in the pycaret installation. Please run: `pip install cuml` to install.
2025-11-06 13:37:57,241:WARNING:
'cuml' is a soft dependency and not included in the pycaret installation. Please run: `pip install cuml` to install.
2025-11-06 13:37:57,241:WARNING:
'cuml' is a soft dependency and not included in the pycaret installation. Please run: `pip install cuml` to install.
2025-11-06 13:37:58,091:INFO:Initializing load_model()
2025-11-06 13:37:58,091:INFO:load_model(model_name=welcome_survey_clustering_pipeline_v1, platform=None, authentication=None, verbose=True)
2025-11-06 13:39:44,877:INFO:Initializing load_model()
2025-11-06 13:39:44,878:INFO:load_model(model_name=welcome_survey_clustering_pipeline_v2, platform=None, authentication=None, verbose=True)
2025-11-06 13:39:45,059:INFO:Initializing predict_model()
2025-11-06 13:39:45,059:INFO:predict_model(self=<pycaret.clustering.oop.ClusteringExperiment object at 0x30b8add90>, estimator=Pipeline(memory=Memory(location=None),
         steps=[('numerical_imputer',
                 TransformerWrapper(include=[], transformer=SimpleImputer())),
                ('categorical_imputer',
                 TransformerWrapper(include=['age', 'edu_level', 'fav_animals',
                                             'fav_place', 'gender'],
                                    transformer=SimpleImputer(strategy='most_frequent'))),
                ('ordinal_encoding',
                 TransformerWrapper(include=['gender'],
                                    transfo...
                                                               mapping=[{'col': 'gender',
                                                                         'data_type': dtype('O'),
                                                                         'mapping': Kobieta      0
Mężczyzna    1
NaN         -1
dtype: int64}]))),
                ('onehot_encoding',
                 TransformerWrapper(include=['age', 'edu_level', 'fav_animals',
                                             'fav_place'],
                                    transformer=OneHotEncoder(cols=['age',
                                                                    'edu_level',
                                                                    'fav_animals',
                                                                    'fav_place'],
                                                              handle_missing='return_nan',
                                                              use_cat_names=True))),
                ('trained_model', KMeans(random_state=123))]), ml_usecase=None)
2025-11-06 13:39:45,059:INFO:Set up data.
2025-11-06 13:39:45,168:INFO:Initializing predict_model()
2025-11-06 13:39:45,169:INFO:predict_model(self=<pycaret.clustering.oop.ClusteringExperiment object at 0x30db89990>, estimator=Pipeline(memory=Memory(location=None),
         steps=[('numerical_imputer',
                 TransformerWrapper(include=[], transformer=SimpleImputer())),
                ('categorical_imputer',
                 TransformerWrapper(include=['age', 'edu_level', 'fav_animals',
                                             'fav_place', 'gender'],
                                    transformer=SimpleImputer(strategy='most_frequent'))),
                ('ordinal_encoding',
                 TransformerWrapper(include=['gender'],
                                    transfo...
                                                               mapping=[{'col': 'gender',
                                                                         'data_type': dtype('O'),
                                                                         'mapping': Kobieta      0
Mężczyzna    1
NaN         -1
dtype: int64}]))),
                ('onehot_encoding',
                 TransformerWrapper(include=['age', 'edu_level', 'fav_animals',
                                             'fav_place'],
                                    transformer=OneHotEncoder(cols=['age',
                                                                    'edu_level',
                                                                    'fav_animals',
                                                                    'fav_place'],
                                                              handle_missing='return_nan',
                                                              use_cat_names=True))),
                ('trained_model', KMeans(random_state=123))]), ml_usecase=None)
2025-11-06 13:39:45,169:INFO:Set up data.
2025-11-06 13:39:52,409:INFO:Initializing predict_model()
2025-11-06 13:39:52,410:INFO:predict_model(self=<pycaret.clustering.oop.ClusteringExperiment object at 0x31442d510>, estimator=Pipeline(memory=Memory(location=None),
         steps=[('numerical_imputer',
                 TransformerWrapper(include=[], transformer=SimpleImputer())),
                ('categorical_imputer',
                 TransformerWrapper(include=['age', 'edu_level', 'fav_animals',
                                             'fav_place', 'gender'],
                                    transformer=SimpleImputer(strategy='most_frequent'))),
                ('ordinal_encoding',
                 TransformerWrapper(include=['gender'],
                                    transfo...
                                                               mapping=[{'col': 'gender',
                                                                         'data_type': dtype('O'),
                                                                         'mapping': Kobieta      0
Mężczyzna    1
NaN         -1
dtype: int64}]))),
                ('onehot_encoding',
                 TransformerWrapper(include=['age', 'edu_level', 'fav_animals',
                                             'fav_place'],
                                    transformer=OneHotEncoder(cols=['age',
                                                                    'edu_level',
                                                                    'fav_animals',
                                                                    'fav_place'],
                                                              handle_missing='return_nan',
                                                              use_cat_names=True))),
                ('trained_model', KMeans(random_state=123))]), ml_usecase=None)
2025-11-06 13:39:52,411:INFO:Set up data.
2025-11-06 13:39:54,659:INFO:Initializing predict_model()
2025-11-06 13:39:54,659:INFO:predict_model(self=<pycaret.clustering.oop.ClusteringExperiment object at 0x10774d590>, estimator=Pipeline(memory=Memory(location=None),
         steps=[('numerical_imputer',
                 TransformerWrapper(include=[], transformer=SimpleImputer())),
                ('categorical_imputer',
                 TransformerWrapper(include=['age', 'edu_level', 'fav_animals',
                                             'fav_place', 'gender'],
                                    transformer=SimpleImputer(strategy='most_frequent'))),
                ('ordinal_encoding',
                 TransformerWrapper(include=['gender'],
                                    transfo...
                                                               mapping=[{'col': 'gender',
                                                                         'data_type': dtype('O'),
                                                                         'mapping': Kobieta      0
Mężczyzna    1
NaN         -1
dtype: int64}]))),
                ('onehot_encoding',
                 TransformerWrapper(include=['age', 'edu_level', 'fav_animals',
                                             'fav_place'],
                                    transformer=OneHotEncoder(cols=['age',
                                                                    'edu_level',
                                                                    'fav_animals',
                                                                    'fav_place'],
                                                              handle_missing='return_nan',
                                                              use_cat_names=True))),
                ('trained_model', KMeans(random_state=123))]), ml_usecase=None)
2025-11-06 13:39:54,659:INFO:Set up data.
2025-11-06 13:39:57,156:INFO:Initializing predict_model()
2025-11-06 13:39:57,156:INFO:predict_model(self=<pycaret.clustering.oop.ClusteringExperiment object at 0x16d4a78d0>, estimator=Pipeline(memory=Memory(location=None),
         steps=[('numerical_imputer',
                 TransformerWrapper(include=[], transformer=SimpleImputer())),
                ('categorical_imputer',
                 TransformerWrapper(include=['age', 'edu_level', 'fav_animals',
                                             'fav_place', 'gender'],
                                    transformer=SimpleImputer(strategy='most_frequent'))),
                ('ordinal_encoding',
                 TransformerWrapper(include=['gender'],
                                    transfo...
                                                               mapping=[{'col': 'gender',
                                                                         'data_type': dtype('O'),
                                                                         'mapping': Kobieta      0
Mężczyzna    1
NaN         -1
dtype: int64}]))),
                ('onehot_encoding',
                 TransformerWrapper(include=['age', 'edu_level', 'fav_animals',
                                             'fav_place'],
                                    transformer=OneHotEncoder(cols=['age',
                                                                    'edu_level',
                                                                    'fav_animals',
                                                                    'fav_place'],
                                                              handle_missing='return_nan',
                                                              use_cat_names=True))),
                ('trained_model', KMeans(random_state=123))]), ml_usecase=None)
2025-11-06 13:39:57,156:INFO:Set up data.
2025-11-06 13:40:00,324:INFO:Initializing predict_model()
2025-11-06 13:40:00,325:INFO:predict_model(self=<pycaret.clustering.oop.ClusteringExperiment object at 0x314781b50>, estimator=Pipeline(memory=Memory(location=None),
         steps=[('numerical_imputer',
                 TransformerWrapper(include=[], transformer=SimpleImputer())),
                ('categorical_imputer',
                 TransformerWrapper(include=['age', 'edu_level', 'fav_animals',
                                             'fav_place', 'gender'],
                                    transformer=SimpleImputer(strategy='most_frequent'))),
                ('ordinal_encoding',
                 TransformerWrapper(include=['gender'],
                                    transfo...
                                                               mapping=[{'col': 'gender',
                                                                         'data_type': dtype('O'),
                                                                         'mapping': Kobieta      0
Mężczyzna    1
NaN         -1
dtype: int64}]))),
                ('onehot_encoding',
                 TransformerWrapper(include=['age', 'edu_level', 'fav_animals',
                                             'fav_place'],
                                    transformer=OneHotEncoder(cols=['age',
                                                                    'edu_level',
                                                                    'fav_animals',
                                                                    'fav_place'],
                                                              handle_missing='return_nan',
                                                              use_cat_names=True))),
                ('trained_model', KMeans(random_state=123))]), ml_usecase=None)
2025-11-06 13:40:00,325:INFO:Set up data.
2025-11-06 14:10:53,189:WARNING:
'cuml' is a soft dependency and not included in the pycaret installation. Please run: `pip install cuml` to install.
2025-11-06 14:10:53,189:WARNING:
'cuml' is a soft dependency and not included in the pycaret installation. Please run: `pip install cuml` to install.
2025-11-06 14:10:53,189:WARNING:
'cuml' is a soft dependency and not included in the pycaret installation. Please run: `pip install cuml` to install.
2025-11-06 14:10:53,189:WARNING:
'cuml' is a soft dependency and not included in the pycaret installation. Please run: `pip install cuml` to install.
2025-11-06 14:10:54,107:INFO:Initializing load_model()
2025-11-06 14:10:54,108:INFO:load_model(model_name=welcome_survey_clustering_pipeline_v2, platform=None, authentication=None, verbose=True)
2025-11-06 14:10:54,187:INFO:Initializing predict_model()
2025-11-06 14:10:54,187:INFO:predict_model(self=<pycaret.clustering.oop.ClusteringExperiment object at 0x30d32f390>, estimator=Pipeline(memory=Memory(location=None),
         steps=[('numerical_imputer',
                 TransformerWrapper(include=[], transformer=SimpleImputer())),
                ('categorical_imputer',
                 TransformerWrapper(include=['age', 'edu_level', 'fav_animals',
                                             'fav_place', 'gender'],
                                    transformer=SimpleImputer(strategy='most_frequent'))),
                ('ordinal_encoding',
                 TransformerWrapper(include=['gender'],
                                    transfo...
                                                               mapping=[{'col': 'gender',
                                                                         'data_type': dtype('O'),
                                                                         'mapping': Kobieta      0
Mężczyzna    1
NaN         -1
dtype: int64}]))),
                ('onehot_encoding',
                 TransformerWrapper(include=['age', 'edu_level', 'fav_animals',
                                             'fav_place'],
                                    transformer=OneHotEncoder(cols=['age',
                                                                    'edu_level',
                                                                    'fav_animals',
                                                                    'fav_place'],
                                                              handle_missing='return_nan',
                                                              use_cat_names=True))),
                ('trained_model', KMeans(random_state=123))]), ml_usecase=None)
2025-11-06 14:10:54,187:INFO:Set up data.
2025-11-06 14:10:54,332:INFO:Initializing predict_model()
2025-11-06 14:10:54,332:INFO:predict_model(self=<pycaret.clustering.oop.ClusteringExperiment object at 0x30cdce290>, estimator=Pipeline(memory=Memory(location=None),
         steps=[('numerical_imputer',
                 TransformerWrapper(include=[], transformer=SimpleImputer())),
                ('categorical_imputer',
                 TransformerWrapper(include=['age', 'edu_level', 'fav_animals',
                                             'fav_place', 'gender'],
                                    transformer=SimpleImputer(strategy='most_frequent'))),
                ('ordinal_encoding',
                 TransformerWrapper(include=['gender'],
                                    transfo...
                                                               mapping=[{'col': 'gender',
                                                                         'data_type': dtype('O'),
                                                                         'mapping': Kobieta      0
Mężczyzna    1
NaN         -1
dtype: int64}]))),
                ('onehot_encoding',
                 TransformerWrapper(include=['age', 'edu_level', 'fav_animals',
                                             'fav_place'],
                                    transformer=OneHotEncoder(cols=['age',
                                                                    'edu_level',
                                                                    'fav_animals',
                                                                    'fav_place'],
                                                              handle_missing='return_nan',
                                                              use_cat_names=True))),
                ('trained_model', KMeans(random_state=123))]), ml_usecase=None)
2025-11-06 14:10:54,345:INFO:Set up data.
